<?xml version="1.0" encoding="UTF-8"?>
<!-- Generated by org.testng.reporters.JUnitReportReporter -->
<testsuite skipped="0" hostname="ip-172-31-12-70" name="com.test.TestSuiteClass" tests="1" failures="0" timestamp="2021-05-08T15:05:29 UTC" time="4.392" errors="0">
  <testcase name="TestMethod" time="4.392" classname="com.test.TestSuiteClass"/>
  <system-out/>
</testsuite> <!-- com.test.TestSuiteClass -->
